/home/shenshiyu/SmartTrafficFramework/dataloader.py:130: UserWarning: To copy construct from a tensor, it is recommended to use sourceTensor.clone().detach() or sourceTensor.clone().detach().requires_grad_(True), rather than torch.tensor(sourceTensor).
  self.indices = torch.tensor(self.indices.clone().detach(),dtype=torch.int64)
Train epoch      1/100   |  Loss: 2.83221364  |  Acc: 24.13%   |  Acc_inner: 31.98%   |  LR: 0.00099975  | Load data time: 0.35...m  |  Preprocess data time: 0.10   m  |  Forward time: 0.44   m  |  Backward time: 1.15   m  |  Total time: 2.03   m
Train epoch      2/100   |  Loss: 1.50309432  |  Acc: 45.34%   |  Acc_inner: 60.08%   |  LR: 0.00099901  | Load data time: 0.36...m  |  Preprocess data time: 0.10   m  |  Forward time: 0.50   m  |  Backward time: 1.07   m  |  Total time: 2.02   m
Train epoch      3/100   |  Loss: 0.85958028  |  Acc: 57.48%   |  Acc_inner: 76.17%   |  LR: 0.00099778  | Load data time: 0.43...m  |  Preprocess data time: 0.11   m  |  Forward time: 0.52   m  |  Backward time: 1.15   m  |  Total time: 2.21   m
Train epoch      4/100   |  Loss: 0.66511989  |  Acc: 60.14%   |  Acc_inner: 79.70%   |  LR: 0.00099606  | Load data time: 0.37...m  |  Preprocess data time: 0.10   m  |  Forward time: 0.48   m  |  Backward time: 1.07   m  |  Total time: 2.01   m
Train epoch      5/100   |  Loss: 0.53898299  |  Acc: 61.99%   |  Acc_inner: 82.15%   |  LR: 0.00099384  | Load data time: 0.36...m  |  Preprocess data time: 0.10   m  |  Forward time: 0.47   m  |  Backward time: 1.03   m  |  Total time: 1.96   m
Train epoch      6/100   |  Loss: 0.45745906  |  Acc: 63.83%   |  Acc_inner: 84.59%   |  LR: 0.00099114  | Load data time: 0.36...m  |  Preprocess data time: 0.10   m  |  Forward time: 0.47   m  |  Backward time: 1.05   m  |  Total time: 1.99   m
Train epoch      7/100   |  Loss: 0.38534731  |  Acc: 65.62%   |  Acc_inner: 86.97%   |  LR: 0.00098796  | Load data time: 0.37...m  |  Preprocess data time: 0.10   m  |  Forward time: 0.49   m  |  Backward time: 1.06   m  |  Total time: 2.02   m
Train epoch      8/100   |  Loss: 0.33316576  |  Acc: 66.34%   |  Acc_inner: 87.92%   |  LR: 0.00098429  | Load data time: 0.34...m  |  Preprocess data time: 0.10   m  |  Forward time: 0.47   m  |  Backward time: 1.07   m  |  Total time: 1.98   m
Train epoch      9/100   |  Loss: 0.32394013  |  Acc: 67.01%   |  Acc_inner: 88.80%   |  LR: 0.00098015  | Load data time: 0.34...m  |  Preprocess data time: 0.09   m  |  Forward time: 0.47   m  |  Backward time: 0.99   m  |  Total time: 1.90   m
Train epoch     10/100   |  Loss: 0.29914704  |  Acc: 67.93%   |  Acc_inner: 90.02%   |  LR: 0.00097553  | Load data time: 0.32...m  |  Preprocess data time: 0.09   m  |  Forward time: 0.45   m  |  Backward time: 0.90   m  |  Total time: 1.77   m
Train epoch     11/100   |  Loss: 0.28761876  |  Acc: 68.24%   |  Acc_inner: 90.43%   |  LR: 0.00097044  | Load data time: 0.33...m  |  Preprocess data time: 0.10   m  |  Forward time: 0.47   m  |  Backward time: 0.95   m  |  Total time: 1.85   m
Train epoch     12/100   |  Loss: 0.25995275  |  Acc: 68.70%   |  Acc_inner: 91.04%   |  LR: 0.00096489  | Load data time: 0.38...m  |  Preprocess data time: 0.10   m  |  Forward time: 0.49   m  |  Backward time: 1.08   m  |  Total time: 2.05   m
Train epoch     13/100   |  Loss: 0.25381207  |  Acc: 68.80%   |  Acc_inner: 91.17%   |  LR: 0.00095888  | Load data time: 0.33...m  |  Preprocess data time: 0.09   m  |  Forward time: 0.46   m  |  Backward time: 0.95   m  |  Total time: 1.83   m
Train epoch     14/100   |  Loss: 0.27446026  |  Acc: 68.34%   |  Acc_inner: 90.56%   |  LR: 0.00095241  | Load data time: 0.34...m  |  Preprocess data time: 0.10   m  |  Forward time: 0.47   m  |  Backward time: 1.07   m  |  Total time: 1.99   m
Train epoch     15/100   |  Loss: 0.25151539  |  Acc: 68.75%   |  Acc_inner: 91.11%   |  LR: 0.00094550  | Load data time: 0.33...m  |  Preprocess data time: 0.09   m  |  Forward time: 0.46   m  |  Backward time: 1.05   m  |  Total time: 1.94   m
Train epoch     16/100   |  Loss: 0.23530756  |  Acc: 69.98%   |  Acc_inner: 92.74%   |  LR: 0.00093815  | Load data time: 0.36...m  |  Preprocess data time: 0.10   m  |  Forward time: 0.50   m  |  Backward time: 1.02   m  |  Total time: 1.98   m
Train epoch     17/100   |  Loss: 0.21132261  |  Acc: 70.13%   |  Acc_inner: 92.94%   |  LR: 0.00093037  | Load data time: 0.33...m  |  Preprocess data time: 0.09   m  |  Forward time: 0.45   m  |  Backward time: 0.98   m  |  Total time: 1.84   m
Train epoch     18/100   |  Loss: 0.21280071  |  Acc: 70.03%   |  Acc_inner: 92.80%   |  LR: 0.00092216  | Load data time: 0.37...m  |  Preprocess data time: 0.11   m  |  Forward time: 0.49   m  |  Backward time: 1.07   m  |  Total time: 2.03   m
Train epoch     19/100   |  Loss: 0.21338169  |  Acc: 69.88%   |  Acc_inner: 92.60%   |  LR: 0.00091354  | Load data time: 0.36...m  |  Preprocess data time: 0.10   m  |  Forward time: 0.47   m  |  Backward time: 0.96   m  |  Total time: 1.88   m
Train epoch     20/100   |  Loss: 0.21092485  |  Acc: 70.39%   |  Acc_inner: 93.28%   |  LR: 0.00090451  | Load data time: 0.33...m  |  Preprocess data time: 0.09   m  |  Forward time: 0.46   m  |  Backward time: 0.95   m  |  Total time: 1.83   m
Train epoch     21/100   |  Loss: 0.20203038  |  Acc: 70.03%   |  Acc_inner: 92.80%   |  LR: 0.00089508  | Load data time: 0.32...m  |  Preprocess data time: 0.09   m  |  Forward time: 0.45   m  |  Backward time: 0.97   m  |  Total time: 1.83   m
Train epoch     22/100   |  Loss: 0.20939471  |  Acc: 70.18%   |  Acc_inner: 93.01%   |  LR: 0.00088526  | Load data time: 0.39...m  |  Preprocess data time: 0.10   m  |  Forward time: 0.51   m  |  Backward time: 1.10   m  |  Total time: 2.10   m
Train epoch     23/100   |  Loss: 0.17931385  |  Acc: 71.06%   |  Acc_inner: 94.16%   |  LR: 0.00087506  | Load data time: 0.33...m  |  Preprocess data time: 0.09   m  |  Forward time: 0.46   m  |  Backward time: 0.95   m  |  Total time: 1.83   m
Train epoch     24/100   |  Loss: 0.20904765  |  Acc: 70.39%   |  Acc_inner: 93.28%   |  LR: 0.00086448  | Load data time: 0.33...m  |  Preprocess data time: 0.09   m  |  Forward time: 0.46   m  |  Backward time: 0.95   m  |  Total time: 1.82   m
Train epoch     25/100   |  Loss: 0.18755840  |  Acc: 70.90%   |  Acc_inner: 93.96%   |  LR: 0.00085355  | Load data time: 0.37...m  |  Preprocess data time: 0.10   m  |  Forward time: 0.48   m  |  Backward time: 1.05   m  |  Total time: 2.00   m
Train epoch     26/100   |  Loss: 0.19430597  |  Acc: 70.54%   |  Acc_inner: 93.48%   |  LR: 0.00084227  | Load data time: 0.33...m  |  Preprocess data time: 0.09   m  |  Forward time: 0.45   m  |  Backward time: 0.95   m  |  Total time: 1.82   m
Train epoch     27/100   |  Loss: 0.17362379  |  Acc: 71.21%   |  Acc_inner: 94.37%   |  LR: 0.00083066  | Load data time: 0.34...m  |  Preprocess data time: 0.09   m  |  Forward time: 0.47   m  |  Backward time: 1.03   m  |  Total time: 1.93   m
Train epoch     28/100   |  Loss: 0.16806732  |  Acc: 71.31%   |  Acc_inner: 94.50%   |  LR: 0.00081871  | Load data time: 0.33...m  |  Preprocess data time: 0.09   m  |  Forward time: 0.45   m  |  Backward time: 0.96   m  |  Total time: 1.83   m
Train epoch     29/100   |  Loss: 0.18084736  |  Acc: 70.95%   |  Acc_inner: 94.03%   |  LR: 0.00080645  | Load data time: 0.33...m  |  Preprocess data time: 0.09   m  |  Forward time: 0.47   m  |  Backward time: 0.94   m  |  Total time: 1.83   m
Train epoch     30/100   |  Loss: 0.16687840  |  Acc: 71.52%   |  Acc_inner: 94.77%   |  LR: 0.00079389  | Load data time: 0.33...m  |  Preprocess data time: 0.09   m  |  Forward time: 0.45   m  |  Backward time: 0.98   m  |  Total time: 1.85   m
Train epoch     31/100   |  Loss: 0.16580562  |  Acc: 71.47%   |  Acc_inner: 94.70%   |  LR: 0.00078104  | Load data time: 0.34...m  |  Preprocess data time: 0.09   m  |  Forward time: 0.47   m  |  Backward time: 1.03   m  |  Total time: 1.93   m
Train epoch     32/100   |  Loss: 0.15616402  |  Acc: 71.72%   |  Acc_inner: 95.04%   |  LR: 0.00076791  | Load data time: 0.36...m  |  Preprocess data time: 0.10   m  |  Forward time: 0.47   m  |  Backward time: 1.01   m  |  Total time: 1.94   m
Train epoch     33/100   |  Loss: 0.18008180  |  Acc: 70.65%   |  Acc_inner: 93.62%   |  LR: 0.00075452  | Load data time: 0.36...m  |  Preprocess data time: 0.10   m  |  Forward time: 0.48   m  |  Backward time: 1.06   m  |  Total time: 2.00   m
Train epoch     34/100   |  Loss: 0.15771368  |  Acc: 71.21%   |  Acc_inner: 94.37%   |  LR: 0.00074088  | Load data time: 0.34...m  |  Preprocess data time: 0.09   m  |  Forward time: 0.47   m  |  Backward time: 1.05   m  |  Total time: 1.96   m
Train epoch     35/100   |  Loss: 0.17464043  |  Acc: 71.21%   |  Acc_inner: 94.37%   |  LR: 0.00072700  | Load data time: 0.33...m  |  Preprocess data time: 0.09   m  |  Forward time: 0.45   m  |  Backward time: 0.98   m  |  Total time: 1.86   m
Train epoch     36/100   |  Loss: 0.14446287  |  Acc: 71.87%   |  Acc_inner: 95.25%   |  LR: 0.00071289  | Load data time: 0.34...m  |  Preprocess data time: 0.10   m  |  Forward time: 0.47   m  |  Backward time: 1.01   m  |  Total time: 1.92   m
Train epoch     37/100   |  Loss: 0.15702553  |  Acc: 71.52%   |  Acc_inner: 94.77%   |  LR: 0.00069857  | Load data time: 0.36...m  |  Preprocess data time: 0.10   m  |  Forward time: 0.47   m  |  Backward time: 1.05   m  |  Total time: 1.98   m
Train epoch     38/100   |  Loss: 0.16629021  |  Acc: 71.36%   |  Acc_inner: 94.57%   |  LR: 0.00068406  | Load data time: 0.34...m  |  Preprocess data time: 0.09   m  |  Forward time: 0.47   m  |  Backward time: 1.03   m  |  Total time: 1.93   m
Train epoch     39/100   |  Loss: 0.14260101  |  Acc: 71.67%   |  Acc_inner: 94.98%   |  LR: 0.00066937  | Load data time: 0.33...m  |  Preprocess data time: 0.09   m  |  Forward time: 0.45   m  |  Backward time: 0.97   m  |  Total time: 1.83   m
Train epoch     40/100   |  Loss: 0.15590896  |  Acc: 71.72%   |  Acc_inner: 95.04%   |  LR: 0.00065451  | Load data time: 0.32...m  |  Preprocess data time: 0.09   m  |  Forward time: 0.45   m  |  Backward time: 0.85   m  |  Total time: 1.71   m
Train epoch     41/100   |  Loss: 0.13861588  |  Acc: 72.13%   |  Acc_inner: 95.59%   |  LR: 0.00063950  | Load data time: 0.34...m  |  Preprocess data time: 0.09   m  |  Forward time: 0.46   m  |  Backward time: 1.02   m  |  Total time: 1.91   m
Train epoch     42/100   |  Loss: 0.14671117  |  Acc: 71.52%   |  Acc_inner: 94.77%   |  LR: 0.00062434  | Load data time: 0.33...m  |  Preprocess data time: 0.09   m  |  Forward time: 0.45   m  |  Backward time: 0.95   m  |  Total time: 1.83   m
Train epoch     43/100   |  Loss: 0.14102191  |  Acc: 72.08%   |  Acc_inner: 95.52%   |  LR: 0.00060907  | Load data time: 0.32...m  |  Preprocess data time: 0.09   m  |  Forward time: 0.45   m  |  Backward time: 0.83   m  |  Total time: 1.69   m
Train epoch     44/100   |  Loss: 0.14026949  |  Acc: 71.47%   |  Acc_inner: 94.70%   |  LR: 0.00059369  | Load data time: 0.32...m  |  Preprocess data time: 0.09   m  |  Forward time: 0.45   m  |  Backward time: 0.90   m  |  Total time: 1.76   m
Train epoch     45/100   |  Loss: 0.16639294  |  Acc: 70.85%   |  Acc_inner: 93.89%   |  LR: 0.00057822  | Load data time: 0.36...m  |  Preprocess data time: 0.10   m  |  Forward time: 0.48   m  |  Backward time: 1.06   m  |  Total time: 2.00   m
Train epoch     46/100   |  Loss: 0.13372810  |  Acc: 71.67%   |  Acc_inner: 94.98%   |  LR: 0.00056267  | Load data time: 0.34...m  |  Preprocess data time: 0.09   m  |  Forward time: 0.45   m  |  Backward time: 0.98   m  |  Total time: 1.86   m
Train epoch     47/100   |  Loss: 0.12736800  |  Acc: 72.75%   |  Acc_inner: 96.40%   |  LR: 0.00054705  | Load data time: 0.34...m  |  Preprocess data time: 0.10   m  |  Forward time: 0.47   m  |  Backward time: 1.06   m  |  Total time: 1.96   m
Train epoch     48/100   |  Loss: 0.14390731  |  Acc: 72.03%   |  Acc_inner: 95.45%   |  LR: 0.00053140  | Load data time: 0.35...m  |  Preprocess data time: 0.09   m  |  Forward time: 0.46   m  |  Backward time: 1.04   m  |  Total time: 1.95   m
Train epoch     49/100   |  Loss: 0.13277610  |  Acc: 72.44%   |  Acc_inner: 95.99%   |  LR: 0.00051571  | Load data time: 0.33...m  |  Preprocess data time: 0.09   m  |  Forward time: 0.47   m  |  Backward time: 0.98   m  |  Total time: 1.88   m
Train epoch     50/100   |  Loss: 0.14356221  |  Acc: 71.87%   |  Acc_inner: 95.25%   |  LR: 0.00050000  | Load data time: 0.34...m  |  Preprocess data time: 0.09   m  |  Forward time: 0.46   m  |  Backward time: 1.07   m  |  Total time: 1.96   m
Train epoch     51/100   |  Loss: 0.13578604  |  Acc: 72.18%   |  Acc_inner: 95.66%   |  LR: 0.00048429  | Load data time: 0.34...m  |  Preprocess data time: 0.09   m  |  Forward time: 0.47   m  |  Backward time: 1.06   m  |  Total time: 1.96   m
Train epoch     52/100   |  Loss: 0.13774505  |  Acc: 71.93%   |  Acc_inner: 95.32%   |  LR: 0.00046860  | Load data time: 0.34...m  |  Preprocess data time: 0.09   m  |  Forward time: 0.47   m  |  Backward time: 1.06   m  |  Total time: 1.96   m
Train epoch     53/100   |  Loss: 0.13470514  |  Acc: 71.93%   |  Acc_inner: 95.32%   |  LR: 0.00045295  | Load data time: 0.36...m  |  Preprocess data time: 0.10   m  |  Forward time: 0.47   m  |  Backward time: 1.08   m  |  Total time: 2.02   m
Train epoch     54/100   |  Loss: 0.13586561  |  Acc: 72.13%   |  Acc_inner: 95.59%   |  LR: 0.00043733  | Load data time: 0.34...m  |  Preprocess data time: 0.10   m  |  Forward time: 0.48   m  |  Backward time: 1.06   m  |  Total time: 1.97   m
Train epoch     55/100   |  Loss: 0.12513947  |  Acc: 72.18%   |  Acc_inner: 95.66%   |  LR: 0.00042178  | Load data time: 0.32...m  |  Preprocess data time: 0.09   m  |  Forward time: 0.44   m  |  Backward time: 0.95   m  |  Total time: 1.81   m
Train epoch     56/100   |  Loss: 0.12412515  |  Acc: 72.03%   |  Acc_inner: 95.45%   |  LR: 0.00040631  | Load data time: 0.33...m  |  Preprocess data time: 0.09   m  |  Forward time: 0.47   m  |  Backward time: 0.94   m  |  Total time: 1.83   m
Train epoch     57/100   |  Loss: 0.12562838  |  Acc: 72.28%   |  Acc_inner: 95.79%   |  LR: 0.00039093  | Load data time: 0.35...m  |  Preprocess data time: 0.09   m  |  Forward time: 0.46   m  |  Backward time: 1.03   m  |  Total time: 1.94   m
Train epoch     58/100   |  Loss: 0.11078810  |  Acc: 72.39%   |  Acc_inner: 95.93%   |  LR: 0.00037566  | Load data time: 0.34...m  |  Preprocess data time: 0.10   m  |  Forward time: 0.47   m  |  Backward time: 1.05   m  |  Total time: 1.96   m
Train epoch     59/100   |  Loss: 0.13666679  |  Acc: 72.34%   |  Acc_inner: 95.86%   |  LR: 0.00036050  | Load data time: 0.34...m  |  Preprocess data time: 0.10   m  |  Forward time: 0.46   m  |  Backward time: 0.91   m  |  Total time: 1.81   m
Train epoch     60/100   |  Loss: 0.12713233  |  Acc: 72.39%   |  Acc_inner: 95.93%   |  LR: 0.00034549  | Load data time: 0.34...m  |  Preprocess data time: 0.10   m  |  Forward time: 0.47   m  |  Backward time: 1.02   m  |  Total time: 1.92   m
Train epoch     61/100   |  Loss: 0.13833311  |  Acc: 71.77%   |  Acc_inner: 95.11%   |  LR: 0.00033063  | Load data time: 0.34...m  |  Preprocess data time: 0.09   m  |  Forward time: 0.46   m  |  Backward time: 0.94   m  |  Total time: 1.83   m
Train epoch     62/100   |  Loss: 0.12767455  |  Acc: 72.03%   |  Acc_inner: 95.45%   |  LR: 0.00031594  | Load data time: 0.33...m  |  Preprocess data time: 0.09   m  |  Forward time: 0.46   m  |  Backward time: 0.94   m  |  Total time: 1.82   m
Train epoch     63/100   |  Loss: 0.13309193  |  Acc: 72.03%   |  Acc_inner: 95.45%   |  LR: 0.00030143  | Load data time: 0.33...m  |  Preprocess data time: 0.09   m  |  Forward time: 0.45   m  |  Backward time: 1.02   m  |  Total time: 1.89   m
Train epoch     64/100   |  Loss: 0.11858322  |  Acc: 72.28%   |  Acc_inner: 95.79%   |  LR: 0.00028711  | Load data time: 0.34...m  |  Preprocess data time: 0.09   m  |  Forward time: 0.47   m  |  Backward time: 1.00   m  |  Total time: 1.91   m
Train epoch     65/100   |  Loss: 0.13482930  |  Acc: 72.18%   |  Acc_inner: 95.66%   |  LR: 0.00027300  | Load data time: 0.33...m  |  Preprocess data time: 0.09   m  |  Forward time: 0.45   m  |  Backward time: 0.89   m  |  Total time: 1.76   m
Train epoch     66/100   |  Loss: 0.11765165  |  Acc: 72.23%   |  Acc_inner: 95.72%   |  LR: 0.00025912  | Load data time: 0.33...m  |  Preprocess data time: 0.09   m  |  Forward time: 0.46   m  |  Backward time: 0.92   m  |  Total time: 1.80   m
Train epoch     67/100   |  Loss: 0.12224271  |  Acc: 72.23%   |  Acc_inner: 95.72%   |  LR: 0.00024548  | Load data time: 0.33...m  |  Preprocess data time: 0.09   m  |  Forward time: 0.46   m  |  Backward time: 1.04   m  |  Total time: 1.93   m
Train epoch     68/100   |  Loss: 0.11859534  |  Acc: 72.18%   |  Acc_inner: 95.66%   |  LR: 0.00023209  | Load data time: 0.34...m  |  Preprocess data time: 0.10   m  |  Forward time: 0.48   m  |  Backward time: 1.04   m  |  Total time: 1.95   m
Train epoch     69/100   |  Loss: 0.12308972  |  Acc: 72.03%   |  Acc_inner: 95.45%   |  LR: 0.00021896  | Load data time: 0.36...m  |  Preprocess data time: 0.10   m  |  Forward time: 0.48   m  |  Backward time: 1.09   m  |  Total time: 2.03   m
Train epoch     70/100   |  Loss: 0.14628135  |  Acc: 71.87%   |  Acc_inner: 95.25%   |  LR: 0.00020611  | Load data time: 0.35...m  |  Preprocess data time: 0.10   m  |  Forward time: 0.49   m  |  Backward time: 0.97   m  |  Total time: 1.91   m
Train epoch     71/100   |  Loss: 0.12850976  |  Acc: 72.34%   |  Acc_inner: 95.86%   |  LR: 0.00019355  | Load data time: 0.32...m  |  Preprocess data time: 0.09   m  |  Forward time: 0.44   m  |  Backward time: 0.95   m  |  Total time: 1.82   m
Train epoch     72/100   |  Loss: 0.11152236  |  Acc: 72.64%   |  Acc_inner: 96.27%   |  LR: 0.00018129  | Load data time: 0.34...m  |  Preprocess data time: 0.09   m  |  Forward time: 0.47   m  |  Backward time: 1.02   m  |  Total time: 1.92   m
Train epoch     73/100   |  Loss: 0.11923353  |  Acc: 72.18%   |  Acc_inner: 95.66%   |  LR: 0.00016934  | Load data time: 0.35...m  |  Preprocess data time: 0.10   m  |  Forward time: 0.48   m  |  Backward time: 1.02   m  |  Total time: 1.94   m
Train epoch     74/100   |  Loss: 0.11306228  |  Acc: 73.00%   |  Acc_inner: 96.74%   |  LR: 0.00015773  | Load data time: 0.32...m  |  Preprocess data time: 0.09   m  |  Forward time: 0.45   m  |  Backward time: 0.84   m  |  Total time: 1.70   m
Train epoch     75/100   |  Loss: 0.11308436  |  Acc: 72.69%   |  Acc_inner: 96.33%   |  LR: 0.00014645  | Load data time: 0.34...m  |  Preprocess data time: 0.09   m  |  Forward time: 0.46   m  |  Backward time: 1.06   m  |  Total time: 1.95   m
Train epoch     76/100   |  Loss: 0.11835065  |  Acc: 72.69%   |  Acc_inner: 96.33%   |  LR: 0.00013552  | Load data time: 0.33...m  |  Preprocess data time: 0.09   m  |  Forward time: 0.47   m  |  Backward time: 0.92   m  |  Total time: 1.81   m
Train epoch     77/100   |  Loss: 0.11605063  |  Acc: 72.18%   |  Acc_inner: 95.66%   |  LR: 0.00012494  | Load data time: 0.32...m  |  Preprocess data time: 0.09   m  |  Forward time: 0.45   m  |  Backward time: 0.83   m  |  Total time: 1.68   m
Train epoch     78/100   |  Loss: 0.12134177  |  Acc: 72.34%   |  Acc_inner: 95.86%   |  LR: 0.00011474  | Load data time: 0.31...m  |  Preprocess data time: 0.09   m  |  Forward time: 0.43   m  |  Backward time: 0.85   m  |  Total time: 1.68   m
Train epoch     79/100   |  Loss: 0.10366299  |  Acc: 72.64%   |  Acc_inner: 96.27%   |  LR: 0.00010492  | Load data time: 0.33...m  |  Preprocess data time: 0.09   m  |  Forward time: 0.46   m  |  Backward time: 0.95   m  |  Total time: 1.83   m
Train epoch     80/100   |  Loss: 0.10633264  |  Acc: 73.00%   |  Acc_inner: 96.74%   |  LR: 0.00009549  | Load data time: 0.36...m  |  Preprocess data time: 0.10   m  |  Forward time: 0.47   m  |  Backward time: 1.05   m  |  Total time: 1.97   m
Train epoch     81/100   |  Loss: 0.10265015  |  Acc: 72.95%   |  Acc_inner: 96.67%   |  LR: 0.00008646  | Load data time: 0.33...m  |  Preprocess data time: 0.09   m  |  Forward time: 0.46   m  |  Backward time: 0.93   m  |  Total time: 1.81   m
Train epoch     82/100   |  Loss: 0.11483052  |  Acc: 72.03%   |  Acc_inner: 95.45%   |  LR: 0.00007784  | Load data time: 0.33...m  |  Preprocess data time: 0.09   m  |  Forward time: 0.46   m  |  Backward time: 1.06   m  |  Total time: 1.94   m
Train epoch     83/100   |  Loss: 0.10465837  |  Acc: 72.90%   |  Acc_inner: 96.61%   |  LR: 0.00006963  | Load data time: 0.34...m  |  Preprocess data time: 0.10   m  |  Forward time: 0.47   m  |  Backward time: 1.05   m  |  Total time: 1.95   m
Train epoch     84/100   |  Loss: 0.09769692  |  Acc: 73.00%   |  Acc_inner: 96.74%   |  LR: 0.00006185  | Load data time: 0.31...m  |  Preprocess data time: 0.09   m  |  Forward time: 0.44   m  |  Backward time: 0.81   m  |  Total time: 1.65   m
Train epoch     85/100   |  Loss: 0.10335429  |  Acc: 72.59%   |  Acc_inner: 96.20%   |  LR: 0.00005450  | Load data time: 0.33...m  |  Preprocess data time: 0.09   m  |  Forward time: 0.46   m  |  Backward time: 0.99   m  |  Total time: 1.87   m
Train epoch     86/100   |  Loss: 0.12189514  |  Acc: 72.23%   |  Acc_inner: 95.72%   |  LR: 0.00004759  | Load data time: 0.34...m  |  Preprocess data time: 0.10   m  |  Forward time: 0.47   m  |  Backward time: 1.04   m  |  Total time: 1.95   m
Train epoch     87/100   |  Loss: 0.10901435  |  Acc: 72.69%   |  Acc_inner: 96.33%   |  LR: 0.00004112  | Load data time: 0.35...m  |  Preprocess data time: 0.10   m  |  Forward time: 0.48   m  |  Backward time: 1.05   m  |  Total time: 1.98   m
Train epoch     88/100   |  Loss: 0.11554972  |  Acc: 72.39%   |  Acc_inner: 95.93%   |  LR: 0.00003511  | Load data time: 0.36...m  |  Preprocess data time: 0.10   m  |  Forward time: 0.47   m  |  Backward time: 1.06   m  |  Total time: 1.99   m
Train epoch     89/100   |  Loss: 0.10208544  |  Acc: 72.95%   |  Acc_inner: 96.67%   |  LR: 0.00002956  | Load data time: 0.35...m  |  Preprocess data time: 0.10   m  |  Forward time: 0.48   m  |  Backward time: 1.04   m  |  Total time: 1.97   m
Train epoch     90/100   |  Loss: 0.10166177  |  Acc: 73.10%   |  Acc_inner: 96.88%   |  LR: 0.00002447  | Load data time: 0.32...m  |  Preprocess data time: 0.09   m  |  Forward time: 0.44   m  |  Backward time: 0.87   m  |  Total time: 1.72   m
Train epoch     91/100   |  Loss: 0.10985470  |  Acc: 72.59%   |  Acc_inner: 96.20%   |  LR: 0.00001985  | Load data time: 0.34...m  |  Preprocess data time: 0.09   m  |  Forward time: 0.47   m  |  Backward time: 1.05   m  |  Total time: 1.95   m
Train epoch     92/100   |  Loss: 0.12533744  |  Acc: 72.08%   |  Acc_inner: 95.52%   |  LR: 0.00001571  | Load data time: 0.33...m  |  Preprocess data time: 0.09   m  |  Forward time: 0.45   m  |  Backward time: 1.04   m  |  Total time: 1.92   m
Train epoch     93/100   |  Loss: 0.10963424  |  Acc: 72.39%   |  Acc_inner: 95.93%   |  LR: 0.00001204  | Load data time: 0.34...m  |  Preprocess data time: 0.09   m  |  Forward time: 0.47   m  |  Backward time: 1.03   m  |  Total time: 1.93   m
Train epoch     94/100   |  Loss: 0.10501518  |  Acc: 72.75%   |  Acc_inner: 96.40%   |  LR: 0.00000886  | Load data time: 0.32...m  |  Preprocess data time: 0.09   m  |  Forward time: 0.44   m  |  Backward time: 0.86   m  |  Total time: 1.70   m
Train epoch     95/100   |  Loss: 0.11960826  |  Acc: 72.44%   |  Acc_inner: 95.99%   |  LR: 0.00000616  | Load data time: 0.33...m  |  Preprocess data time: 0.09   m  |  Forward time: 0.46   m  |  Backward time: 0.94   m  |  Total time: 1.81   m
Train epoch     96/100   |  Loss: 0.09784580  |  Acc: 73.16%   |  Acc_inner: 96.95%   |  LR: 0.00000394  | Load data time: 0.35...m  |  Preprocess data time: 0.10   m  |  Forward time: 0.47   m  |  Backward time: 1.06   m  |  Total time: 1.98   m
Train epoch     97/100   |  Loss: 0.10486111  |  Acc: 72.64%   |  Acc_inner: 96.27%   |  LR: 0.00000222  | Load data time: 0.34...m  |  Preprocess data time: 0.09   m  |  Forward time: 0.47   m  |  Backward time: 1.02   m  |  Total time: 1.92   m
Train epoch     98/100   |  Loss: 0.10934897  |  Acc: 72.44%   |  Acc_inner: 95.99%   |  LR: 0.00000099  | Load data time: 0.33...m  |  Preprocess data time: 0.09   m  |  Forward time: 0.45   m  |  Backward time: 0.99   m  |  Total time: 1.86   m
Train epoch     99/100   |  Loss: 0.10356183  |  Acc: 72.90%   |  Acc_inner: 96.61%   |  LR: 0.00000025  | Load data time: 0.33...m  |  Preprocess data time: 0.09   m  |  Forward time: 0.46   m  |  Backward time: 0.90   m  |  Total time: 1.79   m
Train epoch    100/100   |  Loss: 0.09679322  |  Acc: 73.05%   |  Acc_inner: 96.81%   |  LR: 0.00000000  | Load data time: 0.33...m  |  Preprocess data time: 0.09   m  |  Forward time: 0.46   m  |  Backward time: 0.95   m  |  Total time: 1.82   m
